>>> File process      : /home/tomopavicic/PMT_Helium_WD/PMT-ShapeAnalysis/pmt_he_study/WaveformGeneration/VaryingApNumATC30//raw_xml/A1400_B1400_t0027_3.xml
>>> Data file prefix  : A1400_B1400_t0027_3
>>> Output filename   : /home/tomopavicic/PMT_Helium_WD/PMT-ShapeAnalysis/pmt_he_study/WaveformGeneration/VaryingApNumATC30//RootFiles/110011_A1400_B1400_t0027_3.root
>>> Config filename   : /home/tomopavicic/PMT_Helium_WD/PMT-ShapeAnalysis/pmt_he_study/WaveformGeneration/VaryingApNumATC30//ATC30Copy.conf
>>> Template filename : /home/tomopavicic/PMT_Helium_WD/PMT-ShapeAnalysis/pmt_he_study/WaveformGeneration/VaryingApNumATC30//RootFiles/110011_A1400_B1400_t0027_3.root
>>> Time-stamp        : 0027
>>> Date              : raw_xml
>>> Voltage           : 1400
>>> Settings          : 
>>> Amp cut           : 1
>>> Shape cut         : 0.8
>>> Charge cut        : 6
>>> Pre-trigger       : 500
>>> Trigger           : 590
>>> Trigger tolerance : 50
>>> Integration       : 
>>> Low/High edge     : 0.2/0.2
>>> Sweep start       : 800
>>> Resistance        : 50
>>> Time cut          : 30
>>> Template file     : /unix/nemo4/PMT_He_Study_nemo4/Templates/new/190621_A1400_B1400_templates.root
Template: 0
1 : 5.27545
2 : 1.09185
3 : 0.658613
4 : -9.00915
5 : -19.2751
6 : -61.0079
7 : -125.304
8 : -319.726
9 : -968.869
10 : -3136.96
11 : -8998.95
12 : -21154.6
13 : -38423.3
14 : -53771.9
15 : -59840.8
16 : -54957.6
17 : -42691.6
18 : -28757.1
19 : -18243.9
20 : -13208.7
21 : -12453.6
22 : -13143.9
23 : -12926.1
24 : -11170.3
25 : -8580.44
26 : -6098.02
27 : -3968.94
28 : -2269.01
29 : -1168.6
30 : -866.285
31 : -1241.99
32 : -1836.91
33 : -2216.9
34 : -2143.64
35 : -1648.98
36 : -997.588
37 : -573.704
38 : -594.336
39 : -919.268

Normalised: 
0 : 4.24578e-05
1 : 8.7874e-06
2 : 5.30063e-06
3 : -7.25072e-05
4 : -0.000155129
5 : -0.000491003
6 : -0.00100847
7 : -0.00257322
8 : -0.00779763
9 : -0.0252469
10 : -0.0724252
11 : -0.170256
12 : -0.309238
13 : -0.432766
14 : -0.481609
15 : -0.442309
16 : -0.34359
17 : -0.231442
18 : -0.14683
19 : -0.106306
20 : -0.100229
21 : -0.105785
22 : -0.104031
23 : -0.0899003
24 : -0.0690569
25 : -0.049078
26 : -0.0319428
27 : -0.0182614
28 : -0.00940513
29 : -0.00697202
30 : -0.00999572
31 : -0.0147838
32 : -0.017842
33 : -0.0172524
34 : -0.0132713
35 : -0.00802877
36 : -0.00461728
37 : -0.00478332
38 : -0.00739843

Template: 1
1 : -50.255
2 : 51.4986
3 : -44.0061
4 : 26.8606
5 : -74.7267
6 : -29.086
7 : -178.602
8 : -293.817
9 : -1018.42
10 : -3151.66
11 : -9587.97
12 : -23675.1
13 : -45297.3
14 : -65095.8
15 : -73058.3
16 : -66377.1
17 : -50637.1
18 : -33409.4
19 : -21379.8
20 : -15996.6
21 : -15447
22 : -15726.2
23 : -14625.1
24 : -11379.2
25 : -7740.44
26 : -4752.46
27 : -2997.99
28 : -1836.94
29 : -1432.92
30 : -1572.73
31 : -2321.47
32 : -2784.02
33 : -2669.18
34 : -1771.57
35 : -868.407
36 : -161.988
37 : -270.095
38 : -776.544
39 : -1634.68

Normalised: 
0 : -0.000338467
1 : 0.000346842
2 : -0.000296381
3 : 0.000180906
4 : -0.000503284
5 : -0.000195894
6 : -0.00120288
7 : -0.00197885
8 : -0.00685907
9 : -0.0212264
10 : -0.0645749
11 : -0.159452
12 : -0.305077
13 : -0.438419
14 : -0.492047
15 : -0.447049
16 : -0.341041
17 : -0.225012
18 : -0.143993
19 : -0.107737
20 : -0.104035
21 : -0.105916
22 : -0.0984998
23 : -0.0766385
24 : -0.0521318
25 : -0.0320078
26 : -0.0201914
27 : -0.0123718
28 : -0.0096507
29 : -0.0105923
30 : -0.0156351
31 : -0.0187503
32 : -0.0179769
33 : -0.0119315
34 : -0.00584872
35 : -0.00109099
36 : -0.00181909
37 : -0.00523002
38 : -0.0110095

Date/Time = Fri Feb 19 09:34:26 2021
>>> Beginning data read...
>>> Number of events in file: 1
>>> Events per channel: 1 Ch0, 0 Ch1
>>> After cuts : 
>>> Events in file : 1
>>> Events per channel: 1 Ch0, 0 Ch1
>>> Finished.
